{"/Users/dave/Projects/letspreview-cli/src/publish.js":{"path":"/Users/dave/Projects/letspreview-cli/src/publish.js","s":{"1":1,"2":1,"3":1,"4":1,"5":1,"6":1,"7":1,"8":1,"9":1,"10":1,"11":1,"12":2,"13":2,"14":2,"15":2,"16":2,"17":2,"18":2,"19":2,"20":2,"21":2,"22":2,"23":2,"24":2,"25":2,"26":2,"27":2,"28":1,"29":1,"30":1,"31":1,"32":1,"33":0,"34":0,"35":0,"36":1,"37":1,"38":1,"39":1},"b":{"1":[1,1],"2":[0,2],"3":[1,0],"4":[1,1],"5":[1,0],"6":[1,1]},"f":{"1":2},"fnMap":{"1":{"name":"(anonymous_1)","line":25,"loc":{"start":{"line":25,"column":23},"end":{"line":25,"column":34}}}},"statementMap":{"1":{"start":{"line":1,"column":0},"end":{"line":1,"column":35}},"2":{"start":{"line":2,"column":0},"end":{"line":2,"column":29}},"3":{"start":{"line":3,"column":0},"end":{"line":3,"column":25}},"4":{"start":{"line":4,"column":0},"end":{"line":4,"column":32}},"5":{"start":{"line":5,"column":0},"end":{"line":5,"column":29}},"6":{"start":{"line":6,"column":0},"end":{"line":6,"column":38}},"7":{"start":{"line":7,"column":0},"end":{"line":7,"column":33}},"8":{"start":{"line":8,"column":0},"end":{"line":8,"column":25}},"9":{"start":{"line":9,"column":0},"end":{"line":9,"column":29}},"10":{"start":{"line":10,"column":0},"end":{"line":10,"column":31}},"11":{"start":{"line":12,"column":0},"end":{"line":60,"column":2}},"12":{"start":{"line":13,"column":2},"end":{"line":59,"column":5}},"13":{"start":{"line":14,"column":4},"end":{"line":14,"column":37}},"14":{"start":{"line":15,"column":4},"end":{"line":15,"column":54}},"15":{"start":{"line":17,"column":4},"end":{"line":17,"column":91}},"16":{"start":{"line":18,"column":4},"end":{"line":18,"column":41}},"17":{"start":{"line":19,"column":4},"end":{"line":19,"column":107}},"18":{"start":{"line":20,"column":4},"end":{"line":20,"column":71}},"19":{"start":{"line":21,"column":4},"end":{"line":21,"column":60}},"20":{"start":{"line":22,"column":4},"end":{"line":22,"column":21}},"21":{"start":{"line":25,"column":4},"end":{"line":58,"column":7}},"22":{"start":{"line":26,"column":6},"end":{"line":26,"column":68}},"23":{"start":{"line":27,"column":6},"end":{"line":27,"column":32}},"24":{"start":{"line":28,"column":6},"end":{"line":31,"column":9}},"25":{"start":{"line":33,"column":6},"end":{"line":33,"column":62}},"26":{"start":{"line":34,"column":6},"end":{"line":34,"column":86}},"27":{"start":{"line":35,"column":6},"end":{"line":57,"column":9}},"28":{"start":{"line":42,"column":8},"end":{"line":42,"column":70}},"29":{"start":{"line":43,"column":8},"end":{"line":51,"column":9}},"30":{"start":{"line":44,"column":10},"end":{"line":44,"column":206}},"31":{"start":{"line":45,"column":10},"end":{"line":45,"column":47}},"32":{"start":{"line":46,"column":10},"end":{"line":46,"column":20}},"33":{"start":{"line":48,"column":10},"end":{"line":48,"column":130}},"34":{"start":{"line":49,"column":10},"end":{"line":49,"column":47}},"35":{"start":{"line":50,"column":10},"end":{"line":50,"column":44}},"36":{"start":{"line":53,"column":8},"end":{"line":53,"column":102}},"37":{"start":{"line":54,"column":8},"end":{"line":54,"column":115}},"38":{"start":{"line":55,"column":8},"end":{"line":55,"column":45}},"39":{"start":{"line":56,"column":8},"end":{"line":56,"column":35}}},"branchMap":{"1":{"line":15,"type":"cond-expr","locations":[{"start":{"line":15,"column":28},"end":{"line":15,"column":37}},{"start":{"line":15,"column":40},"end":{"line":15,"column":53}}]},"2":{"line":17,"type":"cond-expr","locations":[{"start":{"line":17,"column":48},"end":{"line":17,"column":59}},{"start":{"line":17,"column":62},"end":{"line":17,"column":90}}]},"3":{"line":43,"type":"if","locations":[{"start":{"line":43,"column":8},"end":{"line":43,"column":8}},{"start":{"line":43,"column":8},"end":{"line":43,"column":8}}]},"4":{"line":43,"type":"binary-expr","locations":[{"start":{"line":43,"column":12},"end":{"line":43,"column":30}},{"start":{"line":43,"column":34},"end":{"line":43,"column":57}}]},"5":{"line":53,"type":"cond-expr","locations":[{"start":{"line":53,"column":68},"end":{"line":53,"column":93}},{"start":{"line":53,"column":96},"end":{"line":53,"column":101}}]},"6":{"line":53,"type":"binary-expr","locations":[{"start":{"line":53,"column":22},"end":{"line":53,"column":36}},{"start":{"line":53,"column":40},"end":{"line":53,"column":65}}]}}},"/Users/dave/Projects/letspreview-cli/src/config.js":{"path":"/Users/dave/Projects/letspreview-cli/src/config.js","s":{"1":1,"2":1,"3":1,"4":1},"b":{"1":[1,1]},"f":{},"fnMap":{},"statementMap":{"1":{"start":{"line":3,"column":0},"end":{"line":11,"column":5}},"2":{"start":{"line":4,"column":2},"end":{"line":4,"column":71}},"3":{"start":{"line":5,"column":2},"end":{"line":5,"column":61}},"4":{"start":{"line":7,"column":2},"end":{"line":10,"column":4}}},"branchMap":{"1":{"line":4,"type":"binary-expr","locations":[{"start":{"line":4,"column":18},"end":{"line":4,"column":37}},{"start":{"line":4,"column":41},"end":{"line":4,"column":70}}]}}},"/Users/dave/Projects/letspreview-cli/src/log.js":{"path":"/Users/dave/Projects/letspreview-cli/src/log.js","s":{"1":1,"2":1,"3":1,"4":1,"5":2,"6":2,"7":0,"8":1,"9":9,"10":0,"11":9,"12":9,"13":1,"14":5,"15":5,"16":5,"17":1},"b":{"1":[2,0],"2":[2,2,2],"3":[0,9],"4":[9,9,1],"5":[9,0],"6":[5,0]},"f":{"1":2,"2":9,"3":5},"fnMap":{"1":{"name":"setCurrentLevel","line":12,"loc":{"start":{"line":12,"column":2},"end":{"line":12,"column":34}}},"2":{"name":"write","line":20,"loc":{"start":{"line":20,"column":2},"end":{"line":20,"column":33}}},"3":{"name":"writeLine","line":28,"loc":{"start":{"line":28,"column":4},"end":{"line":28,"column":39}}}},"statementMap":{"1":{"start":{"line":3,"column":0},"end":{"line":41,"column":5}},"2":{"start":{"line":4,"column":2},"end":{"line":9,"column":4}},"3":{"start":{"line":10,"column":2},"end":{"line":10,"column":41}},"4":{"start":{"line":12,"column":2},"end":{"line":18,"column":3}},"5":{"start":{"line":13,"column":4},"end":{"line":17,"column":5}},"6":{"start":{"line":14,"column":6},"end":{"line":14,"column":30}},"7":{"start":{"line":16,"column":6},"end":{"line":16,"column":59}},"8":{"start":{"line":20,"column":2},"end":{"line":26,"column":3}},"9":{"start":{"line":21,"column":4},"end":{"line":25,"column":5}},"10":{"start":{"line":22,"column":6},"end":{"line":22,"column":64}},"11":{"start":{"line":23,"column":11},"end":{"line":25,"column":5}},"12":{"start":{"line":24,"column":8},"end":{"line":24,"column":38}},"13":{"start":{"line":28,"column":4},"end":{"line":33,"column":3}},"14":{"start":{"line":29,"column":4},"end":{"line":31,"column":5}},"15":{"start":{"line":30,"column":6},"end":{"line":30,"column":31}},"16":{"start":{"line":32,"column":4},"end":{"line":32,"column":26}},"17":{"start":{"line":35,"column":2},"end":{"line":40,"column":4}}},"branchMap":{"1":{"line":13,"type":"if","locations":[{"start":{"line":13,"column":4},"end":{"line":13,"column":4}},{"start":{"line":13,"column":4},"end":{"line":13,"column":4}}]},"2":{"line":13,"type":"binary-expr","locations":[{"start":{"line":13,"column":8},"end":{"line":13,"column":34}},{"start":{"line":13,"column":38},"end":{"line":13,"column":64}},{"start":{"line":13,"column":68},"end":{"line":13,"column":95}}]},"3":{"line":21,"type":"if","locations":[{"start":{"line":21,"column":4},"end":{"line":21,"column":4}},{"start":{"line":21,"column":4},"end":{"line":21,"column":4}}]},"4":{"line":21,"type":"binary-expr","locations":[{"start":{"line":21,"column":8},"end":{"line":21,"column":16}},{"start":{"line":21,"column":21},"end":{"line":21,"column":27}},{"start":{"line":21,"column":31},"end":{"line":21,"column":42}}]},"5":{"line":23,"type":"if","locations":[{"start":{"line":23,"column":11},"end":{"line":23,"column":11}},{"start":{"line":23,"column":11},"end":{"line":23,"column":11}}]},"6":{"line":29,"type":"if","locations":[{"start":{"line":29,"column":4},"end":{"line":29,"column":4}},{"start":{"line":29,"column":4},"end":{"line":29,"column":4}}]}}},"/Users/dave/Projects/letspreview-cli/src/fetch.js":{"path":"/Users/dave/Projects/letspreview-cli/src/fetch.js","s":{"1":1,"2":1,"3":1,"4":2,"5":2,"6":1,"7":1,"8":1,"9":1,"10":1},"b":{"1":[1,1],"2":[2,2]},"f":{"1":1,"2":2,"3":2},"fnMap":{"1":{"name":"(anonymous_1)","line":5,"loc":{"start":{"line":5,"column":1},"end":{"line":5,"column":17}}},"2":{"name":"(anonymous_2)","line":6,"loc":{"start":{"line":6,"column":19},"end":{"line":6,"column":44}}},"3":{"name":"(anonymous_3)","line":7,"loc":{"start":{"line":7,"column":53},"end":{"line":7,"column":72}}}},"statementMap":{"1":{"start":{"line":3,"column":0},"end":{"line":3,"column":36}},"2":{"start":{"line":5,"column":0},"end":{"line":17,"column":10}},"3":{"start":{"line":6,"column":4},"end":{"line":16,"column":6}},"4":{"start":{"line":7,"column":8},"end":{"line":15,"column":11}},"5":{"start":{"line":8,"column":12},"end":{"line":14,"column":13}},"6":{"start":{"line":9,"column":16},"end":{"line":9,"column":32}},"7":{"start":{"line":11,"column":16},"end":{"line":11,"column":59}},"8":{"start":{"line":12,"column":16},"end":{"line":12,"column":42}},"9":{"start":{"line":13,"column":16},"end":{"line":13,"column":28}},"10":{"start":{"line":19,"column":0},"end":{"line":19,"column":30}}},"branchMap":{"1":{"line":8,"type":"if","locations":[{"start":{"line":8,"column":12},"end":{"line":8,"column":12}},{"start":{"line":8,"column":12},"end":{"line":8,"column":12}}]},"2":{"line":8,"type":"binary-expr","locations":[{"start":{"line":8,"column":16},"end":{"line":8,"column":38}},{"start":{"line":8,"column":42},"end":{"line":8,"column":63}}]}}},"/Users/dave/Projects/letspreview-cli/src/publishConsole.js":{"path":"/Users/dave/Projects/letspreview-cli/src/publishConsole.js","s":{"1":0,"2":0,"3":0,"4":0,"5":0,"6":0,"7":0,"8":0,"9":0,"10":0,"11":0,"12":0,"13":0,"14":0,"15":0,"16":0,"17":0,"18":0,"19":0,"20":0},"b":{"1":[0,0],"2":[0,0]},"f":{"1":0,"2":0},"fnMap":{"1":{"name":"(anonymous_1)","line":11,"loc":{"start":{"line":11,"column":18},"end":{"line":11,"column":34}}},"2":{"name":"(anonymous_2)","line":23,"loc":{"start":{"line":23,"column":18},"end":{"line":23,"column":33}}}},"statementMap":{"1":{"start":{"line":3,"column":0},"end":{"line":3,"column":29}},"2":{"start":{"line":4,"column":0},"end":{"line":4,"column":31}},"3":{"start":{"line":5,"column":0},"end":{"line":5,"column":37}},"4":{"start":{"line":7,"column":0},"end":{"line":7,"column":45}},"5":{"start":{"line":9,"column":0},"end":{"line":9,"column":63}},"6":{"start":{"line":11,"column":0},"end":{"line":21,"column":2}},"7":{"start":{"line":12,"column":2},"end":{"line":20,"column":25}},"8":{"start":{"line":23,"column":0},"end":{"line":38,"column":2}},"9":{"start":{"line":24,"column":2},"end":{"line":24,"column":116}},"10":{"start":{"line":25,"column":2},"end":{"line":25,"column":35}},"11":{"start":{"line":26,"column":2},"end":{"line":26,"column":135}},"12":{"start":{"line":27,"column":2},"end":{"line":27,"column":81}},"13":{"start":{"line":28,"column":2},"end":{"line":28,"column":135}},"14":{"start":{"line":29,"column":2},"end":{"line":37,"column":5}},"15":{"start":{"line":30,"column":4},"end":{"line":30,"column":137}},"16":{"start":{"line":31,"column":4},"end":{"line":31,"column":92}},"17":{"start":{"line":32,"column":4},"end":{"line":32,"column":137}},"18":{"start":{"line":34,"column":4},"end":{"line":34,"column":133}},"19":{"start":{"line":35,"column":4},"end":{"line":35,"column":104}},"20":{"start":{"line":36,"column":4},"end":{"line":36,"column":133}}},"branchMap":{"1":{"line":24,"type":"cond-expr","locations":[{"start":{"line":24,"column":35},"end":{"line":24,"column":56}},{"start":{"line":24,"column":59},"end":{"line":24,"column":115}}]},"2":{"line":24,"type":"cond-expr","locations":[{"start":{"line":24,"column":72},"end":{"line":24,"column":92}},{"start":{"line":24,"column":95},"end":{"line":24,"column":115}}]}}},"/Users/dave/Projects/letspreview-cli/src/unpublish.js":{"path":"/Users/dave/Projects/letspreview-cli/src/unpublish.js","s":{"1":0,"2":0,"3":0,"4":0,"5":0,"6":0,"7":0,"8":0,"9":0,"10":0,"11":0,"12":0,"13":0,"14":0,"15":0,"16":0,"17":0,"18":0,"19":0,"20":0},"b":{"1":[0,0],"2":[0,0],"3":[0,0],"4":[0,0]},"f":{},"fnMap":{},"statementMap":{"1":{"start":{"line":3,"column":0},"end":{"line":3,"column":35}},"2":{"start":{"line":4,"column":0},"end":{"line":4,"column":29}},"3":{"start":{"line":5,"column":0},"end":{"line":5,"column":33}},"4":{"start":{"line":6,"column":0},"end":{"line":6,"column":31}},"5":{"start":{"line":8,"column":0},"end":{"line":34,"column":2}},"6":{"start":{"line":9,"column":2},"end":{"line":33,"column":5}},"7":{"start":{"line":10,"column":4},"end":{"line":10,"column":37}},"8":{"start":{"line":11,"column":4},"end":{"line":11,"column":62}},"9":{"start":{"line":12,"column":4},"end":{"line":12,"column":95}},"10":{"start":{"line":13,"column":4},"end":{"line":32,"column":7}},"11":{"start":{"line":19,"column":6},"end":{"line":19,"column":68}},"12":{"start":{"line":20,"column":6},"end":{"line":26,"column":7}},"13":{"start":{"line":21,"column":8},"end":{"line":21,"column":189}},"14":{"start":{"line":22,"column":8},"end":{"line":22,"column":18}},"15":{"start":{"line":24,"column":8},"end":{"line":24,"column":128}},"16":{"start":{"line":25,"column":8},"end":{"line":25,"column":42}},"17":{"start":{"line":27,"column":6},"end":{"line":27,"column":17}},"18":{"start":{"line":29,"column":6},"end":{"line":29,"column":100}},"19":{"start":{"line":30,"column":6},"end":{"line":30,"column":119}},"20":{"start":{"line":31,"column":6},"end":{"line":31,"column":33}}},"branchMap":{"1":{"line":20,"type":"if","locations":[{"start":{"line":20,"column":6},"end":{"line":20,"column":6}},{"start":{"line":20,"column":6},"end":{"line":20,"column":6}}]},"2":{"line":20,"type":"binary-expr","locations":[{"start":{"line":20,"column":10},"end":{"line":20,"column":28}},{"start":{"line":20,"column":32},"end":{"line":20,"column":55}}]},"3":{"line":29,"type":"cond-expr","locations":[{"start":{"line":29,"column":66},"end":{"line":29,"column":91}},{"start":{"line":29,"column":94},"end":{"line":29,"column":99}}]},"4":{"line":29,"type":"binary-expr","locations":[{"start":{"line":29,"column":20},"end":{"line":29,"column":34}},{"start":{"line":29,"column":38},"end":{"line":29,"column":63}}]}}},"/Users/dave/Projects/letspreview-cli/src/unpublishConsole.js":{"path":"/Users/dave/Projects/letspreview-cli/src/unpublishConsole.js","s":{"1":0,"2":0,"3":0,"4":0,"5":0,"6":0,"7":0,"8":0,"9":0,"10":0,"11":0,"12":0,"13":0,"14":0,"15":0,"16":0,"17":0,"18":0,"19":0,"20":0},"b":{"1":[0,0],"2":[0,0]},"f":{"1":0,"2":0},"fnMap":{"1":{"name":"(anonymous_1)","line":11,"loc":{"start":{"line":11,"column":18},"end":{"line":11,"column":34}}},"2":{"name":"(anonymous_2)","line":19,"loc":{"start":{"line":19,"column":18},"end":{"line":19,"column":33}}}},"statementMap":{"1":{"start":{"line":3,"column":0},"end":{"line":3,"column":29}},"2":{"start":{"line":4,"column":0},"end":{"line":4,"column":31}},"3":{"start":{"line":5,"column":0},"end":{"line":5,"column":41}},"4":{"start":{"line":7,"column":0},"end":{"line":7,"column":47}},"5":{"start":{"line":9,"column":0},"end":{"line":9,"column":66}},"6":{"start":{"line":11,"column":0},"end":{"line":17,"column":2}},"7":{"start":{"line":12,"column":2},"end":{"line":16,"column":25}},"8":{"start":{"line":19,"column":0},"end":{"line":34,"column":2}},"9":{"start":{"line":20,"column":2},"end":{"line":20,"column":116}},"10":{"start":{"line":21,"column":2},"end":{"line":21,"column":35}},"11":{"start":{"line":22,"column":2},"end":{"line":22,"column":135}},"12":{"start":{"line":23,"column":2},"end":{"line":23,"column":82}},"13":{"start":{"line":24,"column":2},"end":{"line":24,"column":135}},"14":{"start":{"line":25,"column":2},"end":{"line":33,"column":5}},"15":{"start":{"line":26,"column":4},"end":{"line":26,"column":137}},"16":{"start":{"line":27,"column":4},"end":{"line":27,"column":94}},"17":{"start":{"line":28,"column":4},"end":{"line":28,"column":137}},"18":{"start":{"line":30,"column":4},"end":{"line":30,"column":133}},"19":{"start":{"line":31,"column":4},"end":{"line":31,"column":106}},"20":{"start":{"line":32,"column":4},"end":{"line":32,"column":133}}},"branchMap":{"1":{"line":20,"type":"cond-expr","locations":[{"start":{"line":20,"column":35},"end":{"line":20,"column":56}},{"start":{"line":20,"column":59},"end":{"line":20,"column":115}}]},"2":{"line":20,"type":"cond-expr","locations":[{"start":{"line":20,"column":72},"end":{"line":20,"column":92}},{"start":{"line":20,"column":95},"end":{"line":20,"column":115}}]}}}}